<?xml version="1.0" encoding="UTF-8"?>
<testsuite name="assignment2.problem1.FamilyRoomTest" tests="2" skipped="0" failures="0" errors="0" timestamp="2022-02-19T03:13:40" hostname="MacBook-Air.local" time="0.001">
  <properties/>
  <testcase name="getMaxOccupancy()" classname="assignment2.problem1.FamilyRoomTest" time="0.0"/>
  <testcase name="getPrice()" classname="assignment2.problem1.FamilyRoomTest" time="0.0"/>
  <system-out><![CDATA[]]></system-out>
  <system-err><![CDATA[]]></system-err>
</testsuite>
